{"name":"login page title with correct title","status":"broken","statusDetails":{"known":false,"muted":false,"flaky":false,"message":"Expected condition failed: waiting for title to contain \"HubSpot Login\". Current title: \"Checking browser\" (tried for 20 second(s) with 500 milliseconds interval)","trace":"org.openqa.selenium.TimeoutException: Expected condition failed: waiting for title to contain \"HubSpot Login\". Current title: \"Checking browser\" (tried for 20 second(s) with 500 milliseconds interval)\n\tat org.openqa.selenium.support.ui.WebDriverWait.timeoutException(WebDriverWait.java:95)\n\tat org.openqa.selenium.support.ui.FluentWait.until(FluentWait.java:272)\n\tat com.hubspot.util.ElementUtil.waitForGetPageTitle(ElementUtil.java:72)\n\tat com.hubspot.pages.LoginPage.getLoginPageTitle(LoginPage.java:29)\n\tat com.hubspot.Tests.LoginTest.loginPageTitleTest(LoginTest.java:47)\n\tat sun.reflect.NativeMethodAccessorImpl.invoke0(Native Method)\n\tat sun.reflect.NativeMethodAccessorImpl.invoke(NativeMethodAccessorImpl.java:62)\n\tat sun.reflect.DelegatingMethodAccessorImpl.invoke(DelegatingMethodAccessorImpl.java:43)\n\tat java.lang.reflect.Method.invoke(Method.java:498)\n\tat org.testng.internal.MethodInvocationHelper.invokeMethod(MethodInvocationHelper.java:86)\n\tat org.testng.internal.Invoker.invokeMethod(Invoker.java:645)\n\tat org.testng.internal.Invoker.invokeTestMethod(Invoker.java:822)\n\tat org.testng.internal.Invoker.invokeTestMethods(Invoker.java:1130)\n\tat org.testng.internal.TestMethodWorker.invokeTestMethods(TestMethodWorker.java:129)\n\tat org.testng.internal.TestMethodWorker.run(TestMethodWorker.java:112)\n\tat org.testng.TestRunner.privateRun(TestRunner.java:782)\n\tat org.testng.TestRunner.run(TestRunner.java:632)\n\tat org.testng.SuiteRunner.runTest(SuiteRunner.java:366)\n\tat org.testng.SuiteRunner.runSequentially(SuiteRunner.java:361)\n\tat org.testng.SuiteRunner.privateRun(SuiteRunner.java:319)\n\tat org.testng.SuiteRunner.run(SuiteRunner.java:268)\n\tat org.testng.SuiteRunnerWorker.runSuite(SuiteRunnerWorker.java:52)\n\tat org.testng.SuiteRunnerWorker.run(SuiteRunnerWorker.java:86)\n\tat org.testng.TestNG.runSuitesSequentially(TestNG.java:1244)\n\tat org.testng.TestNG.runSuitesLocally(TestNG.java:1169)\n\tat org.testng.TestNG.run(TestNG.java:1064)\n\tat org.testng.remote.RemoteTestNG.run(RemoteTestNG.java:113)\n\tat org.testng.remote.RemoteTestNG.initAndRun(RemoteTestNG.java:206)\n\tat org.testng.remote.RemoteTestNG.main(RemoteTestNG.java:177)\nCaused by: org.openqa.selenium.NoSuchWindowException: Browsing context has been discarded\nBuild info: version: '3.141.59', revision: 'e82be7d358', time: '2018-11-14T08:17:03'\nSystem info: host: 'Ilhans-MBP.fios-router.home', ip: 'fe80:0:0:0:1c23:10f4:d4a:a141%en0', os.name: 'Mac OS X', os.arch: 'x86_64', os.version: '10.14.6', java.version: '1.8.0_191'\nDriver info: org.openqa.selenium.firefox.FirefoxDriver\nCapabilities {acceptInsecureCerts: true, browserName: firefox, browserVersion: 69.0.1, javascriptEnabled: true, moz:accessibilityChecks: false, moz:buildID: 20190917135527, moz:geckodriverVersion: 0.26.0, moz:headless: false, moz:processID: 2385, moz:profile: /var/folders/m1/ksmj9vh55_3..., moz:shutdownTimeout: 60000, moz:useNonSpecCompliantPointerOrigin: false, moz:webdriverClick: true, pageLoadStrategy: normal, platform: MAC, platformName: MAC, platformVersion: 18.7.0, rotatable: false, setWindowRect: true, strictFileInteractability: false, timeouts: {implicit: 0, pageLoad: 300000, script: 30000}, unhandledPromptBehavior: dismiss and notify}\nSession ID: 51fb72a9-fabd-9f43-bf67-d279e03eebff\n\tat sun.reflect.GeneratedConstructorAccessor16.newInstance(Unknown Source)\n\tat sun.reflect.DelegatingConstructorAccessorImpl.newInstance(DelegatingConstructorAccessorImpl.java:45)\n\tat java.lang.reflect.Constructor.newInstance(Constructor.java:423)\n\tat org.openqa.selenium.remote.http.W3CHttpResponseCodec.createException(W3CHttpResponseCodec.java:187)\n\tat org.openqa.selenium.remote.http.W3CHttpResponseCodec.decode(W3CHttpResponseCodec.java:122)\n\tat org.openqa.selenium.remote.http.W3CHttpResponseCodec.decode(W3CHttpResponseCodec.java:49)\n\tat org.openqa.selenium.remote.HttpCommandExecutor.execute(HttpCommandExecutor.java:158)\n\tat org.openqa.selenium.remote.service.DriverCommandExecutor.execute(DriverCommandExecutor.java:83)\n\tat org.openqa.selenium.remote.RemoteWebDriver.execute(RemoteWebDriver.java:552)\n\tat org.openqa.selenium.remote.RemoteWebDriver.execute(RemoteWebDriver.java:609)\n\tat org.openqa.selenium.remote.RemoteWebDriver.getTitle(RemoteWebDriver.java:281)\n\tat org.openqa.selenium.support.ui.ExpectedConditions$2.apply(ExpectedConditions.java:86)\n\tat org.openqa.selenium.support.ui.ExpectedConditions$2.apply(ExpectedConditions.java:81)\n\tat org.openqa.selenium.support.ui.FluentWait.until(FluentWait.java:249)\n\t... 27 more\n"},"stage":"finished","description":"login page title with correct title","steps":[],"attachments":[{"name":"loginPageTitleTest failed and screenshot taken!","source":"432ecaae-db10-4ac7-9dd8-89054fffe06f-attachment","type":"text/plain"}],"parameters":[],"start":1571958878713,"stop":1571958898981,"uuid":"1ac00db8-eb33-46fc-b032-05aa24d965d7","historyId":"2fd9cbb527db60a4bb2da75d5409558c","fullName":"com.hubspot.Tests.LoginTest.loginPageTitleTest","labels":[{"name":"package","value":"com.hubspot.Tests.LoginTest"},{"name":"testClass","value":"com.hubspot.Tests.LoginTest"},{"name":"testMethod","value":"loginPageTitleTest"},{"name":"parentSuite","value":"Hub Spot Test Sanity Suite"},{"name":"suite","value":"hub spot Sanity Test"},{"name":"subSuite","value":"com.hubspot.Tests.LoginTest"},{"name":"host","value":"Ilhans-MBP.fios-router.home"},{"name":"thread","value":"2375@Ilhans-MBP.fios-router.home.main(1)"},{"name":"framework","value":"testng"},{"name":"language","value":"java"},{"name":"severity","value":"normal"}],"links":[]}